<?xml version="1.0" encoding="UTF-8"?>
<testsuite xmlns:xsi="http://www.w3.org/2001/XMLSchema-instance" xsi:noNamespaceSchemaLocation="https://maven.apache.org/surefire/maven-surefire-plugin/xsd/surefire-test-report.xsd" name="com.emax_it.rsa.RSAUtilUnitTest" time="1.093" tests="2" errors="0" skipped="0" failures="0">
  <properties>
[...]
</properties>
  <testcase name="givenString_whenEncrypt_thenSuccess" classname="com.emax_it.rsa.RSAUtilUnitTest" time="1.071"/>
  <testcase name="givenString_whenDecrypt_thenSuccess" classname="com.emax_it.rsa.RSAUtilUnitTest" time="0.013"/>
</testsuite>